<?xml version="1.0" encoding="UTF-8"?>
<testsuite name="com.bridgelabz.EmpPayRollTest" tests="1" skipped="0" failures="0" errors="0" timestamp="2021-08-12T14:10:28" hostname="DESKTOP-TK8JRTA" time="0.07">
  <properties/>
  <testcase name="given3EmployeesWhenWrittenToFileShouldMatchEmployeeEntries()" classname="com.bridgelabz.EmpPayRollTest" time="0.07"/>
  <system-out><![CDATA[]]></system-out>
  <system-err><![CDATA[]]></system-err>
</testsuite>
