<?xml version="1.0" encoding="UTF-8"?>
<testsuite name="com.bridgelabz.NIOFileAPITest" tests="1" skipped="0" failures="0" errors="0" timestamp="2021-08-12T10:13:00" hostname="DESKTOP-TK8JRTA" time="0.084">
  <properties/>
  <testcase name="givenPathWhenCheckedThenConfirm()" classname="com.bridgelabz.NIOFileAPITest" time="0.084"/>
  <system-out><![CDATA[]]></system-out>
  <system-err><![CDATA[]]></system-err>
</testsuite>
